[01/10/25 11:28:20] [INFO       ] Se ha creado la tabla 
[01/10/25 11:28:20] [INFO       ] Se ha creado la tabla 
[01/10/25 11:28:20] [INFO       ] Se han borrado los datos 
[01/10/25 11:28:20] [INFO       ] Se ha insertado la Serie: Serie [codigo=001, titulo=Arrow, protagonista=Oliver Queen, anio=2012, edadRecomendada=16, numeroTemporadas=8, genero=Aventura, rutaFoto=resources/images/arrow.jpg] 
[01/10/25 11:28:20] [INFO       ] Se ha insertado la Serie: Serie [codigo=002, titulo=The Sex Lives of College Girls, protagonista=Kimberly, anio=2021, edadRecomendada=18, numeroTemporadas=2, genero=Comedia, rutaFoto=resources/images/thesexlivesofcollegegirls.jpg] 
[01/10/25 11:28:20] [INFO       ] Se ha insertado la Serie: Serie [codigo=003, titulo=Teen Wolf, protagonista=Scott McCall, anio=2011, edadRecomendada=14, numeroTemporadas=6, genero=Ciencia Ficción, rutaFoto=resources/images/teenwolf.jpg] 
[01/10/25 11:28:20] [INFO       ] Se ha insertado la Serie: Serie [codigo=004, titulo=Shadowhunters, protagonista=Clary Fray, anio=2016, edadRecomendada=14, numeroTemporadas=3, genero=Ciencia Ficción, rutaFoto=resources/images/shadowhunters.jpg] 
[01/10/25 11:28:20] [INFO       ] Se ha insertado la Serie: Serie [codigo=005, titulo=Lucifer, protagonista=Lucifer Morningstar, anio=2016, edadRecomendada=16, numeroTemporadas=6, genero=Ciencia Ficción, rutaFoto=resources/images/lucifer.jpg] 
[01/10/25 11:28:20] [INFO       ] Se ha insertado la Serie: Serie [codigo=006, titulo=DC's Legends of Tomorrow, protagonista=Ray Palmer, anio=2016, edadRecomendada=16, numeroTemporadas=7, genero=Ciencia Ficción, rutaFoto=resources/images/dcslegendsoftomorrow.jpg] 
[01/10/25 11:28:21] [INFO       ] Se ha insertado la Serie: Serie [codigo=007, titulo=Flash, protagonista=Barry Allen, anio=2014, edadRecomendada=14, numeroTemporadas=9, genero=Ciencia Ficción, rutaFoto=resources/images/flash.jpg] 
[01/10/25 11:28:21] [INFO       ] Se ha insertado la Serie: Serie [codigo=008, titulo=Supergirl, protagonista=Kara Zor-El, anio=2015, edadRecomendada=12, numeroTemporadas=6, genero=Ciencia Ficción, rutaFoto=resources/images/supergirl.jpg] 
[01/10/25 11:28:21] [INFO       ] Se ha insertado la Serie: Serie [codigo=009, titulo=Greenhouse Academy, protagonista=Hayley Shumway, anio=2017, edadRecomendada=10, numeroTemporadas=4, genero=Drama, rutaFoto=resources/images/greenhouseacademy.jpg] 
[01/10/25 11:28:21] [INFO       ] Se ha insertado la Serie: Serie [codigo=010, titulo=The Vampire Diaries, protagonista=Elena Gilbert, anio=2009, edadRecomendada=14, numeroTemporadas=8, genero=Ciencia Ficción, rutaFoto=resources/images/thevampirediaries.jpg] 
[01/10/25 11:28:21] [INFO       ] Se ha insertado la Serie: Serie [codigo=011, titulo=The Originals, protagonista=Elijah Mikaelson, anio=2013, edadRecomendada=16, numeroTemporadas=5, genero=Ciencia Ficción, rutaFoto=resources/images/theoriginals.jpg] 
[01/10/25 11:28:21] [INFO       ] Se ha insertado la Serie: Serie [codigo=012, titulo=Legacies, protagonista=Hope Mikaelson, anio=2018, edadRecomendada=14, numeroTemporadas=4, genero=Ciencia Ficción, rutaFoto=resources/images/legacies.jpg] 
[01/10/25 11:28:21] [INFO       ] Se ha insertado la Serie: Serie [codigo=013, titulo=Outer Banks, protagonista=John B, anio=2020, edadRecomendada=16, numeroTemporadas=3, genero=Aventura, rutaFoto=resources/images/outerbanks.jpg] 
[01/10/25 11:28:21] [INFO       ] Se ha insertado la Serie: Serie [codigo=014, titulo=Bienvenidos a Eden, protagonista=Amaia, anio=2022, edadRecomendada=16, numeroTemporadas=2, genero=Terror, rutaFoto=resources/images/bienvenidosaeden.jpg] 
[01/10/25 11:28:21] [INFO       ] Se ha insertado la Serie: Serie [codigo=015, titulo=Sombra y Hueso, protagonista=Alina Starkov, anio=2021, edadRecomendada=14, numeroTemporadas=2, genero=Ciencia Ficción, rutaFoto=resources/images/sombrayhueso.jpg] 
[01/10/25 11:28:21] [INFO       ] Se ha insertado la Serie: Serie [codigo=016, titulo=Alguien Está Mintiendo, protagonista=Bronwyn Rojas, anio=2021, edadRecomendada=14, numeroTemporadas=2, genero=Drama, rutaFoto=resources/images/alguienestamintiendo.jpg] 
[01/10/25 11:28:21] [INFO       ] Se ha insertado la Serie: Serie [codigo=017, titulo=The Society, protagonista=Allie Pressman, anio=2019, edadRecomendada=16, numeroTemporadas=1, genero=Ciencia Ficción, rutaFoto=resources/images/thesociety.jpg] 
[01/10/25 11:28:21] [INFO       ] Se ha insertado la Serie: Serie [codigo=018, titulo=Riverdale, protagonista=Archie Andrews, anio=2017, edadRecomendada=16, numeroTemporadas=7, genero=Drama, rutaFoto=resources/images/riverdale.jpg] 
[01/10/25 11:28:21] [INFO       ] Se ha insertado la Serie: Serie [codigo=019, titulo=The A List, protagonista=Mia, anio=2018, edadRecomendada=12, numeroTemporadas=2, genero=Terror, rutaFoto=resources/images/thealist.jpg] 
[01/10/25 11:28:21] [INFO       ] Se ha insertado la Serie: Serie [codigo=020, titulo=Daybreak, protagonista=Josh Wheeler, anio=2019, edadRecomendada=16, numeroTemporadas=1, genero=Aventura, rutaFoto=resources/images/daybreak.jpg] 
[01/10/25 11:28:21] [INFO       ] Se ha insertado la Serie: Serie [codigo=021, titulo=The Warrior Nun, protagonista=Ava Silva, anio=2020, edadRecomendada=16, numeroTemporadas=2, genero=Aventura, rutaFoto=resources/images/thewarriornun.jpg] 
[01/10/25 11:28:21] [INFO       ] Se ha insertado la Serie: Serie [codigo=022, titulo=Pretty Little Liars, protagonista=Aria Montgomery, anio=2010, edadRecomendada=14, numeroTemporadas=7, genero=Drama, rutaFoto=resources/images/prettylittleliars.jpg] 
[01/10/25 11:28:21] [INFO       ] Se ha insertado la Serie: Serie [codigo=023, titulo=Prison Break, protagonista=Michael Scofield, anio=2005, edadRecomendada=16, numeroTemporadas=5, genero=Drama, rutaFoto=resources/images/prisonbreak.jpg] 
[01/10/25 11:28:21] [INFO       ] Se ha insertado la Serie: Serie [codigo=024, titulo=Por 13 Razones, protagonista=Clay Jensen, anio=2017, edadRecomendada=16, numeroTemporadas=4, genero=Drama, rutaFoto=resources/images/por13razones.jpg] 
[01/10/25 11:28:21] [INFO       ] Se ha insertado la Serie: Serie [codigo=025, titulo=The 100, protagonista=Clarke Griffin, anio=2014, edadRecomendada=14, numeroTemporadas=7, genero=Ciencia Ficción, rutaFoto=resources/images/the100.jpg] 
[01/10/25 11:28:21] [INFO       ] Se ha insertado la Serie: Serie [codigo=026, titulo=The Rain, protagonista=Simone Andersen, anio=2018, edadRecomendada=16, numeroTemporadas=3, genero=Ciencia Ficción, rutaFoto=resources/images/therain.jpg] 
[01/10/25 11:28:21] [INFO       ] Se ha insertado la Serie: Serie [codigo=027, titulo=Stranger Things, protagonista=Eleven, anio=2016, edadRecomendada=16, numeroTemporadas=4, genero=Ciencia Ficción, rutaFoto=resources/images/strangerthings.jpg] 
[01/10/25 11:28:21] [INFO       ] Se ha insertado la Serie: Serie [codigo=028, titulo=Manifest, protagonista=Michaela Stone, anio=2018, edadRecomendada=14, numeroTemporadas=4, genero=Ciencia Ficción, rutaFoto=resources/images/manifest.jpg] 
[01/10/25 11:28:21] [INFO       ] Se ha insertado la Serie: Serie [codigo=029, titulo=How I Met Your Mother, protagonista=Ted Mosby, anio=2005, edadRecomendada=16, numeroTemporadas=9, genero=Comedia, rutaFoto=resources/images/howimetyourmother.jpg] 
[01/10/25 11:28:21] [INFO       ] Se ha insertado la Serie: Serie [codigo=030, titulo=Emily in Paris, protagonista=Emily Cooper, anio=2020, edadRecomendada=12, numeroTemporadas=3, genero=Romance, rutaFoto=resources/images/emilyinparis.jpg] 
[01/10/25 11:28:21] [INFO       ] 30 Series insertadas en la BBDD 
[01/10/25 11:28:21] [INFO       ] Usuario LunarLion insertado correctamente. 
[01/10/25 11:28:21] [INFO       ] Usuario StarSurfer insertado correctamente. 
[01/10/25 11:28:21] [INFO       ] Usuario CometChameleon insertado correctamente. 
[01/10/25 11:28:21] [INFO       ] Usuario GalaxyGuard insertado correctamente. 
[01/10/25 11:28:21] [INFO       ] Usuario DarkRaven insertado correctamente. 
[01/10/25 11:28:21] [INFO       ] Usuario SteelSamurai insertado correctamente. 
[01/10/25 11:28:21] [INFO       ] Usuario NeonTurtle insertado correctamente. 
[01/10/25 11:28:21] [INFO       ] Usuario EclipseElephant insertado correctamente. 
[01/10/25 11:28:21] [INFO       ] Usuario WildCat insertado correctamente. 
[01/10/25 11:28:21] [INFO       ] Usuario SilverHawk insertado correctamente. 
[01/10/25 11:28:21] [INFO       ] Usuario EclipseEagle insertado correctamente. 
[01/10/25 11:28:21] [INFO       ] Usuario SolarSloth insertado correctamente. 
[01/10/25 11:28:21] [INFO       ] Usuario AsteroidAce insertado correctamente. 
[01/10/25 11:28:21] [INFO       ] Usuario RocketRam insertado correctamente. 
[01/10/25 11:28:21] [INFO       ] Usuario AstroAlligator insertado correctamente. 
[01/10/25 11:28:21] [INFO       ] Usuario SuperNovita insertado correctamente. 
[01/10/25 11:28:21] [INFO       ] Usuario SkySwan insertado correctamente. 
[01/10/25 11:28:21] [INFO       ] Usuario PolarPenguin insertado correctamente. 
[01/10/25 11:28:21] [INFO       ] Usuario PlasmaParrot insertado correctamente. 
[01/10/25 11:28:21] [INFO       ] Usuario SpaceSnail insertado correctamente. 
[01/10/25 11:28:21] [INFO       ] Usuario GadgetGuru insertado correctamente. 
[01/10/25 11:28:21] [INFO       ] Usuario GalaxyGator insertado correctamente. 
[01/10/25 11:28:21] [INFO       ] Usuario OceanBreeze insertado correctamente. 
[01/10/25 11:28:21] [INFO       ] Usuario ZenZebra insertado correctamente. 
[01/10/25 11:28:21] [INFO       ] Usuario VenusViper insertado correctamente. 
[01/10/25 11:28:21] [INFO       ] Usuario Skywalker77 insertado correctamente. 
[01/10/25 11:28:21] [INFO       ] Usuario MysticQueen insertado correctamente. 
[01/10/25 11:28:21] [INFO       ] Usuario GreenGoblin insertado correctamente. 
[01/10/25 11:28:21] [INFO       ] Usuario CodeKnight insertado correctamente. 
[01/10/25 11:28:21] [INFO       ] Usuario NovaNinja insertado correctamente. 
[01/10/25 11:28:21] [INFO       ] Usuario MeteorMongoose insertado correctamente. 
[01/10/25 11:28:21] [INFO       ] Usuario GlitchGuru insertado correctamente. 
[01/10/25 11:28:21] [INFO       ] Usuario MarsMaverick insertado correctamente. 
[01/10/25 11:28:21] [INFO       ] Usuario OrbitOtter insertado correctamente. 
[01/10/25 11:28:21] [INFO       ] Usuario SolarFlare insertado correctamente. 
[01/10/25 11:28:21] [INFO       ] Usuario StormShark insertado correctamente. 
[01/10/25 11:28:21] [INFO       ] Usuario MagicMantis insertado correctamente. 
[01/10/25 11:28:21] [INFO       ] Usuario CometCougar insertado correctamente. 
[01/10/25 11:28:21] [INFO       ] Usuario StellarStork insertado correctamente. 
[01/10/25 11:28:21] [INFO       ] Usuario ShadowHunter insertado correctamente. 
[01/10/25 11:28:21] [INFO       ] Usuario SpaceSquirrel insertado correctamente. 
[01/10/25 11:28:21] [INFO       ] Usuario RogueRaven insertado correctamente. 
[01/10/25 11:28:21] [INFO       ] Usuario JungleJaguar insertado correctamente. 
[01/10/25 11:28:21] [INFO       ] Usuario QuantumQueen insertado correctamente. 
[01/10/25 11:28:21] [INFO       ] Usuario PhantomFox insertado correctamente. 
[01/10/25 11:28:21] [INFO       ] Usuario ElectricEagle insertado correctamente. 
[01/10/25 11:28:21] [INFO       ] Usuario MeteorMoose insertado correctamente. 
[01/10/25 11:28:21] [INFO       ] Usuario SpaceSeahorse insertado correctamente. 
[01/10/25 11:28:21] [INFO       ] Usuario CosmicCrab insertado correctamente. 
[01/10/25 11:28:21] [INFO       ] Usuario VortexCulture insertado correctamente. 
[01/10/25 11:28:21] [INFO       ] Usuario SkySphinx insertado correctamente. 
[01/10/25 11:28:21] [INFO       ] Usuario VortexVulture insertado correctamente. 
[01/10/25 11:28:21] [INFO       ] Usuario TurboTiger insertado correctamente. 
[01/10/25 11:28:21] [INFO       ] Usuario PixelPanda insertado correctamente. 
[01/10/25 11:28:21] [INFO       ] Usuario FireDragon insertado correctamente. 
[01/10/25 11:28:21] [INFO       ] Usuario NebulaNerd insertado correctamente. 
[01/10/25 11:28:21] [INFO       ] Usuario AstroArmadillo insertado correctamente. 
[01/10/25 11:28:21] [INFO       ] Usuario GoldenTiger insertado correctamente. 
[01/10/25 11:28:21] [INFO       ] Usuario CosmosCrane insertado correctamente. 
[01/10/25 11:28:21] [INFO       ] Usuario RocketRhinoceros insertado correctamente. 
[01/10/25 11:28:21] [INFO       ] Usuario AstroApe insertado correctamente. 
[01/10/25 11:28:21] [INFO       ] Usuario FlamingoFlyer insertado correctamente. 
[01/10/25 11:28:21] [INFO       ] Usuario OrbitOcelot insertado correctamente. 
[01/10/25 11:28:21] [INFO       ] Usuario LunarLeopard insertado correctamente. 
[01/10/25 11:28:21] [INFO       ] Usuario SuperNova insertado correctamente. 
[01/10/25 11:28:21] [INFO       ] Usuario AstroAnt insertado correctamente. 
[01/10/25 11:28:21] [INFO       ] Usuario SpaceSquid insertado correctamente. 
[01/10/25 11:28:21] [INFO       ] Usuario ThunderKing insertado correctamente. 
[01/10/25 11:28:21] [INFO       ] Usuario PlasmaPenguin insertado correctamente. 
[01/10/25 11:28:21] [INFO       ] Usuario IronIguana insertado correctamente. 
[01/10/25 11:28:21] [INFO       ] Usuario OrbitOrca insertado correctamente. 
[01/10/25 11:28:21] [INFO       ] Usuario HorizonHawk insertado correctamente. 
[01/10/25 11:28:21] [INFO       ] Usuario SolarSeal insertado correctamente. 
[01/10/25 11:28:21] [INFO       ] Usuario GalaxyGiraffe insertado correctamente. 
[01/10/25 11:28:21] [INFO       ] Usuario CrimsonWolf insertado correctamente. 
[01/10/25 11:28:21] [INFO       ] Usuario StellarSnake insertado correctamente. 
[01/10/25 11:28:21] [INFO       ] Usuario AsteroidAxolotl insertado correctamente. 
[01/10/25 11:28:21] [INFO       ] Usuario GalaxyGecko insertado correctamente. 
[01/10/25 11:28:21] [INFO       ] Usuario CometRider insertado correctamente. 
[01/10/25 11:28:21] [INFO       ] Usuario BluePhoenix insertado correctamente. 
[01/10/25 11:28:21] [INFO       ] Usuario Starlight insertado correctamente. 
[01/10/25 11:28:21] [INFO       ] Usuario FrostWizard insertado correctamente. 
[01/10/25 11:28:21] [INFO       ] Usuario BlazeFalcon insertado correctamente. 
[01/10/25 11:28:21] [INFO       ] Usuario NebulaNarwhal insertado correctamente. 
[01/10/25 11:28:21] [INFO       ] Usuario RocketRaccoon insertado correctamente. 
[01/10/25 11:28:21] [INFO       ] Usuario CyberNinja insertado correctamente. 
[01/10/25 11:28:21] [INFO       ] Usuario PlutoPanther insertado correctamente. 
[01/10/25 11:28:21] [INFO       ] Usuario MightyBear insertado correctamente. 
[01/10/25 11:28:21] [INFO       ] Usuario Whirlwind insertado correctamente. 
[01/10/25 11:28:21] [INFO       ] Usuario LunarLemur insertado correctamente. 
[01/10/25 11:28:21] [INFO       ] Usuario AuroraWolf insertado correctamente. 
[01/10/25 11:28:21] [INFO       ] Usuario luiscoro insertado correctamente. 
